Flow report for Ultrasound_controller
Wed Jun 28 13:44:31 2017
Quartus Prime Version 16.1.0 Build 196 10/24/2016 SJ Lite Edition


---------------------
; Table of Contents ;
---------------------
  1. Legal Notice
  2. Flow Summary
  3. Flow Settings
  4. Flow Non-Default Global Settings
  5. Flow Elapsed Time
  6. Flow OS Summary
  7. Flow Log
  8. Flow Messages
  9. Flow Suppressed Messages



----------------
; Legal Notice ;
----------------
Copyright (C) 2016  Intel Corporation. All rights reserved.
Your use of Intel Corporation's design tools, logic functions 
and other software and tools, and its AMPP partner logic 
functions, and any output files from any of the foregoing 
(including device programming or simulation files), and any 
associated documentation or information are expressly subject 
to the terms and conditions of the Intel Program License 
Subscription Agreement, the Intel Quartus Prime License Agreement,
the Intel MegaCore Function License Agreement, or other 
applicable license agreement, including, without limitation, 
that your use is for the sole purpose of programming logic 
devices manufactured by Intel and sold by Intel or its 
authorized distributors.  Please refer to the applicable 
agreement for further details.



+----------------------------------------------------------------------------------+
; Flow Summary                                                                     ;
+------------------------------------+---------------------------------------------+
; Flow Status                        ; Successful - Wed Jun 28 13:44:31 2017       ;
; Quartus Prime Version              ; 16.1.0 Build 196 10/24/2016 SJ Lite Edition ;
; Revision Name                      ; Ultrasound_controller                       ;
; Top-level Entity Name              ; ultrasound_reader                           ;
; Family                             ; Cyclone IV E                                ;
; Device                             ; EP4CE22F17C6                                ;
; Timing Models                      ; Final                                       ;
; Total logic elements               ; 935 / 22,320 ( 4 % )                        ;
;     Total combinational functions  ; 921 / 22,320 ( 4 % )                        ;
;     Dedicated logic registers      ; 385 / 22,320 ( 2 % )                        ;
; Total registers                    ; 385                                         ;
; Total pins                         ; 19 / 154 ( 12 % )                           ;
; Total virtual pins                 ; 0                                           ;
; Total memory bits                  ; 0 / 608,256 ( 0 % )                         ;
; Embedded Multiplier 9-bit elements ; 0 / 132 ( 0 % )                             ;
; Total PLLs                         ; 0 / 4 ( 0 % )                               ;
+------------------------------------+---------------------------------------------+


+-------------------------------------------+
; Flow Settings                             ;
+-------------------+-----------------------+
; Option            ; Setting               ;
+-------------------+-----------------------+
; Start date & time ; 06/28/2017 13:27:31   ;
; Main task         ; Compilation           ;
; Revision Name     ; Ultrasound_controller ;
+-------------------+-----------------------+


+------------------------------------------------------------------------------------------------------------------------------------------------------------------+
; Flow Non-Default Global Settings                                                                                                                                 ;
+--------------------------------------+-----------------------------------------------+-----------------------+-------------------+-------------------------------+
; Assignment Name                      ; Value                                         ; Default Value         ; Entity Name       ; Section Id                    ;
+--------------------------------------+-----------------------------------------------+-----------------------+-------------------+-------------------------------+
; COMPILER_SIGNATURE_ID                ; 141812760570137.149864925120130               ; --                    ; --                ; --                            ;
; EDA_DESIGN_INSTANCE_NAME             ; i1                                            ; --                    ; --                ; ultrasound_controller_vhd_tst ;
; EDA_NATIVELINK_SIMULATION_TEST_BENCH ; ultrasound_controller_vhd_tst                 ; --                    ; --                ; eda_simulation                ;
; EDA_OUTPUT_DATA_FORMAT               ; Vhdl                                          ; --                    ; --                ; eda_simulation                ;
; EDA_SIMULATION_TOOL                  ; ModelSim-Altera (VHDL)                        ; <None>                ; --                ; --                            ;
; EDA_TEST_BENCH_ENABLE_STATUS         ; TEST_BENCH_MODE                               ; --                    ; --                ; eda_simulation                ;
; EDA_TEST_BENCH_FILE                  ; simulation/modelsim/ultrasound_controller.vht ; --                    ; --                ; ultrasound_controller_vhd_tst ;
; EDA_TEST_BENCH_MODULE_NAME           ; ultrasound_controller_vhd_tst                 ; --                    ; --                ; ultrasound_controller_vhd_tst ;
; EDA_TEST_BENCH_NAME                  ; ultrasound_controller_vhd_tst                 ; --                    ; --                ; eda_simulation                ;
; EDA_TEST_BENCH_RUN_SIM_FOR           ; 100 ms                                        ; --                    ; --                ; ultrasound_controller_vhd_tst ;
; ENABLE_SIGNALTAP                     ; Off                                           ; --                    ; --                ; --                            ;
; MAX_CORE_JUNCTION_TEMP               ; 85                                            ; --                    ; --                ; --                            ;
; MIN_CORE_JUNCTION_TEMP               ; 0                                             ; --                    ; --                ; --                            ;
; NOMINAL_CORE_SUPPLY_VOLTAGE          ; 1.2V                                          ; --                    ; --                ; --                            ;
; PARTITION_COLOR                      ; -- (Not supported for targeted family)        ; --                    ; ultrasound_reader ; Top                           ;
; PARTITION_FITTER_PRESERVATION_LEVEL  ; -- (Not supported for targeted family)        ; --                    ; ultrasound_reader ; Top                           ;
; PARTITION_NETLIST_TYPE               ; -- (Not supported for targeted family)        ; --                    ; ultrasound_reader ; Top                           ;
; POWER_BOARD_THERMAL_MODEL            ; None (CONSERVATIVE)                           ; --                    ; --                ; --                            ;
; POWER_PRESET_COOLING_SOLUTION        ; 23 MM HEAT SINK WITH 200 LFPM AIRFLOW         ; --                    ; --                ; --                            ;
; SEARCH_PATH                          ; block/                                        ; --                    ; --                ; --                            ;
; SEARCH_PATH                          ; simulation/                                   ; --                    ; --                ; --                            ;
; SEARCH_PATH                          ; vhdl/                                         ; --                    ; --                ; --                            ;
; TOP_LEVEL_ENTITY                     ; ultrasound_reader                             ; Ultrasound_controller ; --                ; --                            ;
; USE_SIGNALTAP_FILE                   ; simulation/stp1.stp                           ; --                    ; --                ; --                            ;
+--------------------------------------+-----------------------------------------------+-----------------------+-------------------+-------------------------------+


+-------------------------------------------------------------------------------------------------------------------------------+
; Flow Elapsed Time                                                                                                             ;
+---------------------------+--------------+-------------------------+---------------------+------------------------------------+
; Module Name               ; Elapsed Time ; Average Processors Used ; Peak Virtual Memory ; Total CPU Time (on all processors) ;
+---------------------------+--------------+-------------------------+---------------------+------------------------------------+
; Analysis & Synthesis      ; 00:00:17     ; 1.0                     ; 960 MB              ; 00:00:35                           ;
; Fitter                    ; 00:00:10     ; 1.0                     ; 1179 MB             ; 00:00:12                           ;
; Assembler                 ; 00:00:01     ; 1.0                     ; 819 MB              ; 00:00:01                           ;
; TimeQuest Timing Analyzer ; 00:00:02     ; 1.1                     ; 844 MB              ; 00:00:02                           ;
; EDA Netlist Writer        ; 00:00:02     ; 1.0                     ; 1061 MB             ; 00:00:01                           ;
; EDA Netlist Writer        ; 00:00:01     ; 1.0                     ; 1043 MB             ; 00:00:00                           ;
; EDA Netlist Writer        ; 00:00:00     ; 1.0                     ; 1043 MB             ; 00:00:00                           ;
; Total                     ; 00:00:33     ; --                      ; --                  ; 00:00:51                           ;
+---------------------------+--------------+-------------------------+---------------------+------------------------------------+


+---------------------------------------------------------------------------------------------+
; Flow OS Summary                                                                             ;
+---------------------------+------------------+----------------+------------+----------------+
; Module Name               ; Machine Hostname ; OS Name        ; OS Version ; Processor type ;
+---------------------------+------------------+----------------+------------+----------------+
; Analysis & Synthesis      ; tux              ; Ubuntu 16.04.2 ; 16         ; x86_64         ;
; Fitter                    ; tux              ; Ubuntu 16.04.2 ; 16         ; x86_64         ;
; Assembler                 ; tux              ; Ubuntu 16.04.2 ; 16         ; x86_64         ;
; TimeQuest Timing Analyzer ; tux              ; Ubuntu 16.04.2 ; 16         ; x86_64         ;
; EDA Netlist Writer        ; tux              ; Ubuntu 16.04.2 ; 16         ; x86_64         ;
; EDA Netlist Writer        ; tux              ; Ubuntu 16.04.2 ; 16         ; x86_64         ;
; EDA Netlist Writer        ; tux              ; Ubuntu 16.04.2 ; 16         ; x86_64         ;
+---------------------------+------------------+----------------+------------+----------------+


------------
; Flow Log ;
------------
quartus_map --read_settings_files=on --write_settings_files=off Ultrasound_controller -c Ultrasound_controller
quartus_fit --read_settings_files=off --write_settings_files=off Ultrasound_controller -c Ultrasound_controller
quartus_asm --read_settings_files=off --write_settings_files=off Ultrasound_controller -c Ultrasound_controller
quartus_sta Ultrasound_controller -c Ultrasound_controller
quartus_eda --read_settings_files=off --write_settings_files=off Ultrasound_controller -c Ultrasound_controller
quartus_sh --archive -revision Ultrasound_controller -output /datadisk/Coding/uni-stuff/hwp/aufg-06/Ultrasound_controller_restored/Ultrasound_controller.qar Ultrasound_controller
quartus_eda --read_settings_files=on --write_settings_files=off Ultrasound_controller -c Ultrasound_controller --gen_testbench
quartus_eda --read_settings_files=on --write_settings_files=off Ultrasound_controller -c Ultrasound_controller --gen_testbench



