Analysis & Synthesis report for Aufgabe3_4
Tue Jun 20 17:05:15 2017
Quartus Prime Version 16.1.0 Build 196 10/24/2016 SJ Lite Edition


---------------------
; Table of Contents ;
---------------------
  1. Legal Notice
  2. Analysis & Synthesis Summary
  3. Analysis & Synthesis Settings
  4. Parallel Compilation
  5. Analysis & Synthesis Source Files Read
  6. Analysis & Synthesis Resource Usage Summary
  7. Analysis & Synthesis Resource Utilization by Entity
  8. State Machine - |different_sounds|frequency_table:inst7|state
  9. Registers Removed During Synthesis
 10. General Register Statistics
 11. Multiplexer Restructuring Statistics (Restructuring Performed)
 12. Post-Synthesis Netlist Statistics for Top Partition
 13. Elapsed Time Per Partition
 14. Analysis & Synthesis Messages



----------------
; Legal Notice ;
----------------
Copyright (C) 2016  Intel Corporation. All rights reserved.
Your use of Intel Corporation's design tools, logic functions 
and other software and tools, and its AMPP partner logic 
functions, and any output files from any of the foregoing 
(including device programming or simulation files), and any 
associated documentation or information are expressly subject 
to the terms and conditions of the Intel Program License 
Subscription Agreement, the Intel Quartus Prime License Agreement,
the Intel MegaCore Function License Agreement, or other 
applicable license agreement, including, without limitation, 
that your use is for the sole purpose of programming logic 
devices manufactured by Intel and sold by Intel or its 
authorized distributors.  Please refer to the applicable 
agreement for further details.



+----------------------------------------------------------------------------------+
; Analysis & Synthesis Summary                                                     ;
+------------------------------------+---------------------------------------------+
; Analysis & Synthesis Status        ; Successful - Tue Jun 20 17:05:15 2017       ;
; Quartus Prime Version              ; 16.1.0 Build 196 10/24/2016 SJ Lite Edition ;
; Revision Name                      ; Aufgabe3_4                                  ;
; Top-level Entity Name              ; different_sounds                            ;
; Family                             ; Cyclone IV E                                ;
; Total logic elements               ; 116                                         ;
;     Total combinational functions  ; 103                                         ;
;     Dedicated logic registers      ; 59                                          ;
; Total registers                    ; 59                                          ;
; Total pins                         ; 6                                           ;
; Total virtual pins                 ; 0                                           ;
; Total memory bits                  ; 0                                           ;
; Embedded Multiplier 9-bit elements ; 0                                           ;
; Total PLLs                         ; 0                                           ;
+------------------------------------+---------------------------------------------+


+----------------------------------------------------------------------------------------------------------------------+
; Analysis & Synthesis Settings                                                                                        ;
+----------------------------------------------------------------------------+--------------------+--------------------+
; Option                                                                     ; Setting            ; Default Value      ;
+----------------------------------------------------------------------------+--------------------+--------------------+
; Device                                                                     ; EP4CE22F17C6       ;                    ;
; Top-level entity name                                                      ; different_sounds   ; Aufgabe3_4         ;
; Family name                                                                ; Cyclone IV E       ; Cyclone V          ;
; Use smart compilation                                                      ; Off                ; Off                ;
; Enable parallel Assembler and TimeQuest Timing Analyzer during compilation ; On                 ; On                 ;
; Enable compact report table                                                ; Off                ; Off                ;
; Restructure Multiplexers                                                   ; Auto               ; Auto               ;
; Create Debugging Nodes for IP Cores                                        ; Off                ; Off                ;
; Preserve fewer node names                                                  ; On                 ; On                 ;
; OpenCore Plus hardware evaluation                                          ; Enable             ; Enable             ;
; Verilog Version                                                            ; Verilog_2001       ; Verilog_2001       ;
; VHDL Version                                                               ; VHDL_1993          ; VHDL_1993          ;
; State Machine Processing                                                   ; Auto               ; Auto               ;
; Safe State Machine                                                         ; Off                ; Off                ;
; Extract Verilog State Machines                                             ; On                 ; On                 ;
; Extract VHDL State Machines                                                ; On                 ; On                 ;
; Ignore Verilog initial constructs                                          ; Off                ; Off                ;
; Iteration limit for constant Verilog loops                                 ; 5000               ; 5000               ;
; Iteration limit for non-constant Verilog loops                             ; 250                ; 250                ;
; Add Pass-Through Logic to Inferred RAMs                                    ; On                 ; On                 ;
; Infer RAMs from Raw Logic                                                  ; On                 ; On                 ;
; Parallel Synthesis                                                         ; On                 ; On                 ;
; DSP Block Balancing                                                        ; Auto               ; Auto               ;
; NOT Gate Push-Back                                                         ; On                 ; On                 ;
; Power-Up Don't Care                                                        ; On                 ; On                 ;
; Remove Redundant Logic Cells                                               ; Off                ; Off                ;
; Remove Duplicate Registers                                                 ; On                 ; On                 ;
; Ignore CARRY Buffers                                                       ; Off                ; Off                ;
; Ignore CASCADE Buffers                                                     ; Off                ; Off                ;
; Ignore GLOBAL Buffers                                                      ; Off                ; Off                ;
; Ignore ROW GLOBAL Buffers                                                  ; Off                ; Off                ;
; Ignore LCELL Buffers                                                       ; Off                ; Off                ;
; Ignore SOFT Buffers                                                        ; On                 ; On                 ;
; Limit AHDL Integers to 32 Bits                                             ; Off                ; Off                ;
; Optimization Technique                                                     ; Balanced           ; Balanced           ;
; Carry Chain Length                                                         ; 70                 ; 70                 ;
; Auto Carry Chains                                                          ; On                 ; On                 ;
; Auto Open-Drain Pins                                                       ; On                 ; On                 ;
; Perform WYSIWYG Primitive Resynthesis                                      ; Off                ; Off                ;
; Auto ROM Replacement                                                       ; On                 ; On                 ;
; Auto RAM Replacement                                                       ; On                 ; On                 ;
; Auto DSP Block Replacement                                                 ; On                 ; On                 ;
; Auto Shift Register Replacement                                            ; Auto               ; Auto               ;
; Allow Shift Register Merging across Hierarchies                            ; Auto               ; Auto               ;
; Auto Clock Enable Replacement                                              ; On                 ; On                 ;
; Strict RAM Replacement                                                     ; Off                ; Off                ;
; Allow Synchronous Control Signals                                          ; On                 ; On                 ;
; Force Use of Synchronous Clear Signals                                     ; Off                ; Off                ;
; Auto RAM Block Balancing                                                   ; On                 ; On                 ;
; Auto RAM to Logic Cell Conversion                                          ; Off                ; Off                ;
; Auto Resource Sharing                                                      ; Off                ; Off                ;
; Allow Any RAM Size For Recognition                                         ; Off                ; Off                ;
; Allow Any ROM Size For Recognition                                         ; Off                ; Off                ;
; Allow Any Shift Register Size For Recognition                              ; Off                ; Off                ;
; Use LogicLock Constraints during Resource Balancing                        ; On                 ; On                 ;
; Ignore translate_off and synthesis_off directives                          ; Off                ; Off                ;
; Timing-Driven Synthesis                                                    ; On                 ; On                 ;
; Report Parameter Settings                                                  ; On                 ; On                 ;
; Report Source Assignments                                                  ; On                 ; On                 ;
; Report Connectivity Checks                                                 ; On                 ; On                 ;
; Ignore Maximum Fan-Out Assignments                                         ; Off                ; Off                ;
; Synchronization Register Chain Length                                      ; 2                  ; 2                  ;
; PowerPlay Power Optimization During Synthesis                              ; Normal compilation ; Normal compilation ;
; HDL message level                                                          ; Level2             ; Level2             ;
; Suppress Register Optimization Related Messages                            ; Off                ; Off                ;
; Number of Removed Registers Reported in Synthesis Report                   ; 5000               ; 5000               ;
; Number of Swept Nodes Reported in Synthesis Report                         ; 5000               ; 5000               ;
; Number of Inverted Registers Reported in Synthesis Report                  ; 100                ; 100                ;
; Clock MUX Protection                                                       ; On                 ; On                 ;
; Auto Gated Clock Conversion                                                ; Off                ; Off                ;
; Block Design Naming                                                        ; Auto               ; Auto               ;
; SDC constraint protection                                                  ; Off                ; Off                ;
; Synthesis Effort                                                           ; Auto               ; Auto               ;
; Shift Register Replacement - Allow Asynchronous Clear Signal               ; On                 ; On                 ;
; Pre-Mapping Resynthesis Optimization                                       ; Off                ; Off                ;
; Analysis & Synthesis Message Level                                         ; Medium             ; Medium             ;
; Disable Register Merging Across Hierarchies                                ; Auto               ; Auto               ;
; Resource Aware Inference For Block RAM                                     ; On                 ; On                 ;
+----------------------------------------------------------------------------+--------------------+--------------------+


+------------------------------------------+
; Parallel Compilation                     ;
+----------------------------+-------------+
; Processors                 ; Number      ;
+----------------------------+-------------+
; Number detected on machine ; 4           ;
; Maximum allowed            ; 2           ;
;                            ;             ;
; Average used               ; 1.00        ;
; Maximum used               ; 2           ;
;                            ;             ;
; Usage by Processor         ; % Time Used ;
;     Processor 1            ; 100.0%      ;
;     Processor 2            ;   0.0%      ;
+----------------------------+-------------+


+-------------------------------------------------------------------------------------------------------------------------------------------------------------------------------------+
; Analysis & Synthesis Source Files Read                                                                                                                                              ;
+----------------------------------+-----------------+------------------------------------+---------------------------------------------------------------------------------+---------+
; File Name with User-Entered Path ; Used in Netlist ; File Type                          ; File Name with Absolute Path                                                    ; Library ;
+----------------------------------+-----------------+------------------------------------+---------------------------------------------------------------------------------+---------+
; sound_Generator.vhd              ; yes             ; User VHDL File                     ; /datadisk/Coding/uni-stuff/hwp/aufg-05/Aufgabe3_4_restored/sound_Generator.vhd  ;         ;
; adcReader.vhd                    ; yes             ; User VHDL File                     ; /datadisk/Coding/uni-stuff/hwp/aufg-05/Aufgabe3_4_restored/adcReader.vhd        ;         ;
; analogToButtons.vhd              ; yes             ; User VHDL File                     ; /datadisk/Coding/uni-stuff/hwp/aufg-05/Aufgabe3_4_restored/analogToButtons.vhd  ;         ;
; different_sounds.bdf             ; yes             ; User Block Diagram/Schematic File  ; /datadisk/Coding/uni-stuff/hwp/aufg-05/Aufgabe3_4_restored/different_sounds.bdf ;         ;
; freqency_table.vhd               ; yes             ; User VHDL File                     ; /datadisk/Coding/uni-stuff/hwp/aufg-05/Aufgabe3_4_restored/freqency_table.vhd   ;         ;
+----------------------------------+-----------------+------------------------------------+---------------------------------------------------------------------------------+---------+


+----------------------------------------------------------------------+
; Analysis & Synthesis Resource Usage Summary                          ;
+---------------------------------------------+------------------------+
; Resource                                    ; Usage                  ;
+---------------------------------------------+------------------------+
; Estimated Total logic elements              ; 116                    ;
;                                             ;                        ;
; Total combinational functions               ; 103                    ;
; Logic element usage by number of LUT inputs ;                        ;
;     -- 4 input functions                    ; 68                     ;
;     -- 3 input functions                    ; 9                      ;
;     -- <=2 input functions                  ; 26                     ;
;                                             ;                        ;
; Logic elements by mode                      ;                        ;
;     -- normal mode                          ; 88                     ;
;     -- arithmetic mode                      ; 15                     ;
;                                             ;                        ;
; Total registers                             ; 59                     ;
;     -- Dedicated logic registers            ; 59                     ;
;     -- I/O registers                        ; 0                      ;
;                                             ;                        ;
; I/O pins                                    ; 6                      ;
;                                             ;                        ;
; Embedded Multiplier 9-bit elements          ; 0                      ;
;                                             ;                        ;
; Maximum fan-out node                        ; adcReader:inst|clk_spi ;
; Maximum fan-out                             ; 35                     ;
; Total fan-out                               ; 523                    ;
; Average fan-out                             ; 3.01                   ;
+---------------------------------------------+------------------------+


+-----------------------------------------------------------------------------------------------------------------------------------------------------------------------------------------------------------------------------------+
; Analysis & Synthesis Resource Utilization by Entity                                                                                                                                                                               ;
+----------------------------+---------------------+---------------------------+-------------+--------------+---------+-----------+------+--------------+-----------------------------------------+------------------+--------------+
; Compilation Hierarchy Node ; Combinational ALUTs ; Dedicated Logic Registers ; Memory Bits ; DSP Elements ; DSP 9x9 ; DSP 18x18 ; Pins ; Virtual Pins ; Full Hierarchy Name                     ; Entity Name      ; Library Name ;
+----------------------------+---------------------+---------------------------+-------------+--------------+---------+-----------+------+--------------+-----------------------------------------+------------------+--------------+
; |different_sounds          ; 103 (0)             ; 59 (0)                    ; 0           ; 0            ; 0       ; 0         ; 6    ; 0            ; |different_sounds                       ; different_sounds ; work         ;
;    |adcReader:inst|        ; 44 (44)             ; 38 (38)                   ; 0           ; 0            ; 0       ; 0         ; 0    ; 0            ; |different_sounds|adcReader:inst        ; adcReader        ; work         ;
;    |analogToButtons:inst4| ; 20 (20)             ; 0 (0)                     ; 0           ; 0            ; 0       ; 0         ; 0    ; 0            ; |different_sounds|analogToButtons:inst4 ; analogToButtons  ; work         ;
;    |frequency_table:inst7| ; 6 (6)               ; 4 (4)                     ; 0           ; 0            ; 0       ; 0         ; 0    ; 0            ; |different_sounds|frequency_table:inst7 ; frequency_table  ; work         ;
;    |sound_Generator:inst3| ; 33 (33)             ; 17 (17)                   ; 0           ; 0            ; 0       ; 0         ; 0    ; 0            ; |different_sounds|sound_Generator:inst3 ; sound_Generator  ; work         ;
+----------------------------+---------------------+---------------------------+-------------+--------------+---------+-----------+------+--------------+-----------------------------------------+------------------+--------------+
Note: For table entries with two numbers listed, the numbers in parentheses indicate the number of resources of the given type used by the specific entity alone. The numbers listed outside of parentheses indicate the total resources of the given type used by the specific entity and all of its sub-entities in the hierarchy.


Encoding Type:  One-Hot
+--------------------------------------------------------------------------------+
; State Machine - |different_sounds|frequency_table:inst7|state                  ;
+------------+----------+----------+----------+----------+------------+----------+
; Name       ; state.f4 ; state.f3 ; state.f2 ; state.f1 ; state.init ; state.f0 ;
+------------+----------+----------+----------+----------+------------+----------+
; state.f0   ; 0        ; 0        ; 0        ; 0        ; 0          ; 0        ;
; state.init ; 0        ; 0        ; 0        ; 0        ; 1          ; 1        ;
; state.f1   ; 0        ; 0        ; 0        ; 1        ; 0          ; 1        ;
; state.f2   ; 0        ; 0        ; 1        ; 0        ; 0          ; 1        ;
; state.f3   ; 0        ; 1        ; 0        ; 0        ; 0          ; 1        ;
; state.f4   ; 1        ; 0        ; 0        ; 0        ; 0          ; 1        ;
+------------+----------+----------+----------+----------+------------+----------+


+--------------------------------------------------------------------------------+
; Registers Removed During Synthesis                                             ;
+---------------------------------------+----------------------------------------+
; Register name                         ; Reason for Removal                     ;
+---------------------------------------+----------------------------------------+
; frequency_table:inst7|state.f4        ; Lost fanout                            ;
; frequency_table:inst7|state.init      ; Stuck at GND due to stuck port data_in ;
; Total Number of Removed Registers = 2 ;                                        ;
+---------------------------------------+----------------------------------------+


+------------------------------------------------------+
; General Register Statistics                          ;
+----------------------------------------------+-------+
; Statistic                                    ; Value ;
+----------------------------------------------+-------+
; Total registers                              ; 59    ;
; Number of registers using Synchronous Clear  ; 16    ;
; Number of registers using Synchronous Load   ; 0     ;
; Number of registers using Asynchronous Clear ; 19    ;
; Number of registers using Asynchronous Load  ; 0     ;
; Number of registers using Clock Enable       ; 13    ;
; Number of registers using Preset             ; 0     ;
+----------------------------------------------+-------+


+-------------------------------------------------------------------------------------------------------------------------------------------------------------------+
; Multiplexer Restructuring Statistics (Restructuring Performed)                                                                                                    ;
+--------------------+-----------+---------------+----------------------+------------------------+------------+-----------------------------------------------------+
; Multiplexer Inputs ; Bus Width ; Baseline Area ; Area if Restructured ; Saving if Restructured ; Registered ; Example Multiplexer Output                          ;
+--------------------+-----------+---------------+----------------------+------------------------+------------+-----------------------------------------------------+
; 3:1                ; 7 bits    ; 14 LEs        ; 14 LEs               ; 0 LEs                  ; No         ; |different_sounds|frequency_table:inst7|freqOut[3]  ;
; 4:1                ; 3 bits    ; 6 LEs         ; 6 LEs                ; 0 LEs                  ; No         ; |different_sounds|frequency_table:inst7|freqOut[12] ;
; 6:1                ; 6 bits    ; 24 LEs        ; 24 LEs               ; 0 LEs                  ; No         ; |different_sounds|frequency_table:inst7|state       ;
+--------------------+-----------+---------------+----------------------+------------------------+------------+-----------------------------------------------------+


+-----------------------------------------------------+
; Post-Synthesis Netlist Statistics for Top Partition ;
+-----------------------+-----------------------------+
; Type                  ; Count                       ;
+-----------------------+-----------------------------+
; boundary_port         ; 6                           ;
; cycloneiii_ff         ; 59                          ;
;     CLR               ; 19                          ;
;     ENA               ; 13                          ;
;     SCLR              ; 16                          ;
;     plain             ; 11                          ;
; cycloneiii_lcell_comb ; 104                         ;
;     arith             ; 15                          ;
;         2 data inputs ; 15                          ;
;     normal            ; 89                          ;
;         1 data inputs ; 4                           ;
;         2 data inputs ; 8                           ;
;         3 data inputs ; 9                           ;
;         4 data inputs ; 68                          ;
;                       ;                             ;
; Max LUT depth         ; 5.00                        ;
; Average LUT depth     ; 2.88                        ;
+-----------------------+-----------------------------+


+-------------------------------+
; Elapsed Time Per Partition    ;
+----------------+--------------+
; Partition Name ; Elapsed Time ;
+----------------+--------------+
; Top            ; 00:00:00     ;
+----------------+--------------+


+-------------------------------+
; Analysis & Synthesis Messages ;
+-------------------------------+
Info: *******************************************************************
Info: Running Quartus Prime Analysis & Synthesis
    Info: Version 16.1.0 Build 196 10/24/2016 SJ Lite Edition
    Info: Processing started: Tue Jun 20 17:05:00 2017
Info: Command: quartus_map --read_settings_files=on --write_settings_files=off Aufgabe3_4 -c Aufgabe3_4
Warning (18236): Number of processors has not been specified which may cause overloading on shared machines.  Set the global assignment NUM_PARALLEL_PROCESSORS in your QSF to an appropriate value for best performance.
Info (20030): Parallel compilation is enabled and will use 2 of the 2 processors detected
Info (12021): Found 2 design units, including 1 entities, in source file sound_Generator.vhd
    Info (12022): Found design unit 1: sound_Generator-behaviour File: /datadisk/Coding/uni-stuff/hwp/aufg-05/Aufgabe3_4_restored/sound_Generator.vhd Line: 17
    Info (12023): Found entity 1: sound_Generator File: /datadisk/Coding/uni-stuff/hwp/aufg-05/Aufgabe3_4_restored/sound_Generator.vhd Line: 9
Info (12021): Found 2 design units, including 1 entities, in source file adcReader.vhd
    Info (12022): Found design unit 1: adcReader-behavior File: /datadisk/Coding/uni-stuff/hwp/aufg-05/Aufgabe3_4_restored/adcReader.vhd Line: 33
    Info (12023): Found entity 1: adcReader File: /datadisk/Coding/uni-stuff/hwp/aufg-05/Aufgabe3_4_restored/adcReader.vhd Line: 10
Info (12021): Found 2 design units, including 1 entities, in source file analogToButtons.vhd
    Info (12022): Found design unit 1: analogToButtons-behavior File: /datadisk/Coding/uni-stuff/hwp/aufg-05/Aufgabe3_4_restored/analogToButtons.vhd Line: 17
    Info (12023): Found entity 1: analogToButtons File: /datadisk/Coding/uni-stuff/hwp/aufg-05/Aufgabe3_4_restored/analogToButtons.vhd Line: 9
Info (12021): Found 1 design units, including 1 entities, in source file different_sounds.bdf
    Info (12023): Found entity 1: different_sounds
Info (12021): Found 2 design units, including 1 entities, in source file freqency_table.vhd
    Info (12022): Found design unit 1: frequency_table-behaviour File: /datadisk/Coding/uni-stuff/hwp/aufg-05/Aufgabe3_4_restored/freqency_table.vhd Line: 16
    Info (12023): Found entity 1: frequency_table File: /datadisk/Coding/uni-stuff/hwp/aufg-05/Aufgabe3_4_restored/freqency_table.vhd Line: 8
Info (12127): Elaborating entity "different_sounds" for the top level hierarchy
Info (12128): Elaborating entity "sound_Generator" for hierarchy "sound_Generator:inst3"
Info (12128): Elaborating entity "frequency_table" for hierarchy "frequency_table:inst7"
Info (12128): Elaborating entity "analogToButtons" for hierarchy "analogToButtons:inst4"
Info (12128): Elaborating entity "adcReader" for hierarchy "adcReader:inst"
Info (286030): Timing-Driven Synthesis is running
Info (17049): 1 registers lost all their fanouts during netlist optimizations.
Info (16010): Generating hard_block partition "hard_block:auto_generated_inst"
    Info (16011): Adding 0 node(s), including 0 DDIO, 0 PLL, 0 transceiver and 0 LCELL
Info (21057): Implemented 122 device resources after synthesis - the final resource count might be different
    Info (21058): Implemented 2 input pins
    Info (21059): Implemented 4 output pins
    Info (21061): Implemented 116 logic cells
Info: Quartus Prime Analysis & Synthesis was successful. 0 errors, 1 warning
    Info: Peak virtual memory: 968 megabytes
    Info: Processing ended: Tue Jun 20 17:05:15 2017
    Info: Elapsed time: 00:00:15
    Info: Total CPU time (on all processors): 00:00:32


