Flow report for Counter
Thu Jun 15 17:51:22 2017
Quartus Prime Version 16.1.0 Build 196 10/24/2016 SJ Lite Edition


---------------------
; Table of Contents ;
---------------------
  1. Legal Notice
  2. Flow Summary
  3. Flow Settings
  4. Flow Non-Default Global Settings
  5. Flow Elapsed Time
  6. Flow OS Summary
  7. Flow Log
  8. Flow Messages
  9. Flow Suppressed Messages



----------------
; Legal Notice ;
----------------
Copyright (C) 2016  Intel Corporation. All rights reserved.
Your use of Intel Corporation's design tools, logic functions 
and other software and tools, and its AMPP partner logic 
functions, and any output files from any of the foregoing 
(including device programming or simulation files), and any 
associated documentation or information are expressly subject 
to the terms and conditions of the Intel Program License 
Subscription Agreement, the Intel Quartus Prime License Agreement,
the Intel MegaCore Function License Agreement, or other 
applicable license agreement, including, without limitation, 
that your use is for the sole purpose of programming logic 
devices manufactured by Intel and sold by Intel or its 
authorized distributors.  Please refer to the applicable 
agreement for further details.



+----------------------------------------------------------------------------------+
; Flow Summary                                                                     ;
+------------------------------------+---------------------------------------------+
; Flow Status                        ; Successful - Thu Jun 15 17:51:22 2017       ;
; Quartus Prime Version              ; 16.1.0 Build 196 10/24/2016 SJ Lite Edition ;
; Revision Name                      ; Counter                                     ;
; Top-level Entity Name              ; myCounter                                   ;
; Family                             ; Cyclone IV E                                ;
; Device                             ; EP4CE22F17C6                                ;
; Timing Models                      ; Final                                       ;
; Total logic elements               ; 3 / 22,320 ( < 1 % )                        ;
;     Total combinational functions  ; 3 / 22,320 ( < 1 % )                        ;
;     Dedicated logic registers      ; 3 / 22,320 ( < 1 % )                        ;
; Total registers                    ; 3                                           ;
; Total pins                         ; 5 / 154 ( 3 % )                             ;
; Total virtual pins                 ; 0                                           ;
; Total memory bits                  ; 0 / 608,256 ( 0 % )                         ;
; Embedded Multiplier 9-bit elements ; 0 / 132 ( 0 % )                             ;
; Total PLLs                         ; 0 / 4 ( 0 % )                               ;
+------------------------------------+---------------------------------------------+


+-----------------------------------------+
; Flow Settings                           ;
+-------------------+---------------------+
; Option            ; Setting             ;
+-------------------+---------------------+
; Start date & time ; 06/15/2017 17:50:42 ;
; Main task         ; Compilation         ;
; Revision Name     ; Counter             ;
+-------------------+---------------------+


+---------------------------------------------------------------------------------------------------------------------------------+
; Flow Non-Default Global Settings                                                                                                ;
+--------------------------------------+----------------------------------------+---------------+-------------+-------------------+
; Assignment Name                      ; Value                                  ; Default Value ; Entity Name ; Section Id        ;
+--------------------------------------+----------------------------------------+---------------+-------------+-------------------+
; COMPILER_SIGNATURE_ID                ; 141812760570137.149754184219397        ; --            ; --          ; --                ;
; EDA_DESIGN_INSTANCE_NAME             ; i1                                     ; --            ; --          ; myCounter_vhd_tst ;
; EDA_NATIVELINK_SIMULATION_TEST_BENCH ; myCounter_vhd_tst                      ; --            ; --          ; eda_simulation    ;
; EDA_OUTPUT_DATA_FORMAT               ; Vhdl                                   ; --            ; --          ; eda_simulation    ;
; EDA_SIMULATION_TOOL                  ; ModelSim-Altera (VHDL)                 ; <None>        ; --          ; --                ;
; EDA_TEST_BENCH_ENABLE_STATUS         ; TEST_BENCH_MODE                        ; --            ; --          ; eda_simulation    ;
; EDA_TEST_BENCH_FILE                  ; simulation/modelsim/myCounter.vht      ; --            ; --          ; myCounter_vhd_tst ;
; EDA_TEST_BENCH_MODULE_NAME           ; myCounter_vhd_tst                      ; --            ; --          ; myCounter_vhd_tst ;
; EDA_TEST_BENCH_NAME                  ; myCounter_vhd_tst                      ; --            ; --          ; eda_simulation    ;
; MAX_CORE_JUNCTION_TEMP               ; 85                                     ; --            ; --          ; --                ;
; MIN_CORE_JUNCTION_TEMP               ; 0                                      ; --            ; --          ; --                ;
; NOMINAL_CORE_SUPPLY_VOLTAGE          ; 1.2V                                   ; --            ; --          ; --                ;
; PARTITION_COLOR                      ; -- (Not supported for targeted family) ; --            ; myCounter   ; Top               ;
; PARTITION_FITTER_PRESERVATION_LEVEL  ; -- (Not supported for targeted family) ; --            ; myCounter   ; Top               ;
; PARTITION_NETLIST_TYPE               ; -- (Not supported for targeted family) ; --            ; myCounter   ; Top               ;
; POWER_BOARD_THERMAL_MODEL            ; None (CONSERVATIVE)                    ; --            ; --          ; --                ;
; POWER_PRESET_COOLING_SOLUTION        ; 23 MM HEAT SINK WITH 200 LFPM AIRFLOW  ; --            ; --          ; --                ;
; SEARCH_PATH                          ; vhdl/                                  ; --            ; --          ; --                ;
; TOP_LEVEL_ENTITY                     ; myCounter                              ; Counter       ; --          ; --                ;
+--------------------------------------+----------------------------------------+---------------+-------------+-------------------+


+-------------------------------------------------------------------------------------------------------------------------------+
; Flow Elapsed Time                                                                                                             ;
+---------------------------+--------------+-------------------------+---------------------+------------------------------------+
; Module Name               ; Elapsed Time ; Average Processors Used ; Peak Virtual Memory ; Total CPU Time (on all processors) ;
+---------------------------+--------------+-------------------------+---------------------+------------------------------------+
; Analysis & Synthesis      ; 00:00:22     ; 1.0                     ; 955 MB              ; 00:00:52                           ;
; Fitter                    ; 00:00:08     ; 1.0                     ; 1164 MB             ; 00:00:10                           ;
; Assembler                 ; 00:00:01     ; 1.0                     ; 815 MB              ; 00:00:02                           ;
; TimeQuest Timing Analyzer ; 00:00:03     ; 1.0                     ; 829 MB              ; 00:00:02                           ;
; EDA Netlist Writer        ; 00:00:01     ; 1.0                     ; 1050 MB             ; 00:00:01                           ;
; Total                     ; 00:00:35     ; --                      ; --                  ; 00:01:07                           ;
+---------------------------+--------------+-------------------------+---------------------+------------------------------------+


+---------------------------------------------------------------------------------------------+
; Flow OS Summary                                                                             ;
+---------------------------+------------------+----------------+------------+----------------+
; Module Name               ; Machine Hostname ; OS Name        ; OS Version ; Processor type ;
+---------------------------+------------------+----------------+------------+----------------+
; Analysis & Synthesis      ; tux              ; Ubuntu 16.04.2 ; 16         ; x86_64         ;
; Fitter                    ; tux              ; Ubuntu 16.04.2 ; 16         ; x86_64         ;
; Assembler                 ; tux              ; Ubuntu 16.04.2 ; 16         ; x86_64         ;
; TimeQuest Timing Analyzer ; tux              ; Ubuntu 16.04.2 ; 16         ; x86_64         ;
; EDA Netlist Writer        ; tux              ; Ubuntu 16.04.2 ; 16         ; x86_64         ;
+---------------------------+------------------+----------------+------------+----------------+


------------
; Flow Log ;
------------
quartus_map --read_settings_files=on --write_settings_files=off Counter -c Counter
quartus_fit --read_settings_files=off --write_settings_files=off Counter -c Counter
quartus_asm --read_settings_files=off --write_settings_files=off Counter -c Counter
quartus_sta Counter -c Counter
quartus_eda --read_settings_files=off --write_settings_files=off Counter -c Counter



