Flow report for Final
Thu Jul 27 15:28:18 2017
Quartus Prime Version 16.1.0 Build 196 10/24/2016 SJ Lite Edition


---------------------
; Table of Contents ;
---------------------
  1. Legal Notice
  2. Flow Summary
  3. Flow Settings
  4. Flow Non-Default Global Settings
  5. Flow Elapsed Time
  6. Flow OS Summary
  7. Flow Log
  8. Flow Messages
  9. Flow Suppressed Messages



----------------
; Legal Notice ;
----------------
Copyright (C) 2016  Intel Corporation. All rights reserved.
Your use of Intel Corporation's design tools, logic functions 
and other software and tools, and its AMPP partner logic 
functions, and any output files from any of the foregoing 
(including device programming or simulation files), and any 
associated documentation or information are expressly subject 
to the terms and conditions of the Intel Program License 
Subscription Agreement, the Intel Quartus Prime License Agreement,
the Intel MegaCore Function License Agreement, or other 
applicable license agreement, including, without limitation, 
that your use is for the sole purpose of programming logic 
devices manufactured by Intel and sold by Intel or its 
authorized distributors.  Please refer to the applicable 
agreement for further details.



+----------------------------------------------------------------------------------+
; Flow Summary                                                                     ;
+------------------------------------+---------------------------------------------+
; Flow Status                        ; Successful - Thu Jul 27 15:28:18 2017       ;
; Quartus Prime Version              ; 16.1.0 Build 196 10/24/2016 SJ Lite Edition ;
; Revision Name                      ; Final                                       ;
; Top-level Entity Name              ; data                                        ;
; Family                             ; Cyclone IV E                                ;
; Device                             ; EP4CE22F17C6                                ;
; Timing Models                      ; Final                                       ;
; Total logic elements               ; 196 / 22,320 ( < 1 % )                      ;
;     Total combinational functions  ; 196 / 22,320 ( < 1 % )                      ;
;     Dedicated logic registers      ; 6 / 22,320 ( < 1 % )                        ;
; Total registers                    ; 6                                           ;
; Total pins                         ; 39 / 154 ( 25 % )                           ;
; Total virtual pins                 ; 0                                           ;
; Total memory bits                  ; 0 / 608,256 ( 0 % )                         ;
; Embedded Multiplier 9-bit elements ; 0 / 132 ( 0 % )                             ;
; Total PLLs                         ; 0 / 4 ( 0 % )                               ;
+------------------------------------+---------------------------------------------+


+-----------------------------------------+
; Flow Settings                           ;
+-------------------+---------------------+
; Option            ; Setting             ;
+-------------------+---------------------+
; Start date & time ; 07/27/2017 15:27:31 ;
; Main task         ; Compilation         ;
; Revision Name     ; Final               ;
+-------------------+---------------------+


+----------------------------------------------------------------------------------------------------------------------------------------------+
; Flow Non-Default Global Settings                                                                                                             ;
+--------------------------------------+--------------------------------------------+---------------+-------------+----------------------------+
; Assignment Name                      ; Value                                      ; Default Value ; Entity Name ; Section Id                 ;
+--------------------------------------+--------------------------------------------+---------------+-------------+----------------------------+
; COMPILER_SIGNATURE_ID                ; 141812760570137.150116205129614            ; --            ; --          ; --                         ;
; EDA_DESIGN_INSTANCE_NAME             ; i1                                         ; --            ; --          ; data_vhd_tst               ;
; EDA_DESIGN_INSTANCE_NAME             ; i1                                         ; --            ; --          ; hamming_decoder_vhd_tst    ;
; EDA_DESIGN_INSTANCE_NAME             ; i1                                         ; --            ; --          ; buttonToChar_vhd_tst       ;
; EDA_DESIGN_INSTANCE_NAME             ; i1                                         ; --            ; --          ; uart_receiver_vhd_tst      ;
; EDA_DESIGN_INSTANCE_NAME             ; i1                                         ; --            ; --          ; instruction_buffer_vhd_tst ;
; EDA_NATIVELINK_SIMULATION_TEST_BENCH ; data_vhd_tst                               ; --            ; --          ; eda_simulation             ;
; EDA_OUTPUT_DATA_FORMAT               ; Vhdl                                       ; --            ; --          ; eda_simulation             ;
; EDA_SIMULATION_TOOL                  ; ModelSim-Altera (VHDL)                     ; <None>        ; --          ; --                         ;
; EDA_TEST_BENCH_ENABLE_STATUS         ; TEST_BENCH_MODE                            ; --            ; --          ; eda_simulation             ;
; EDA_TEST_BENCH_FILE                  ; simulation/modelsim/data.vht               ; --            ; --          ; data_vhd_tst               ;
; EDA_TEST_BENCH_FILE                  ; simulation/modelsim/hamming_decoder.vht    ; --            ; --          ; hamming_decoder_vhd_tst    ;
; EDA_TEST_BENCH_FILE                  ; simulation/modelsim/buttonToChar.vht       ; --            ; --          ; buttonToChar_vhd_tst       ;
; EDA_TEST_BENCH_FILE                  ; simulation/modelsim/uart_receiver.vht      ; --            ; --          ; uart_receiver_vhd_tst      ;
; EDA_TEST_BENCH_FILE                  ; simulation/modelsim/instruction_buffer.vht ; --            ; --          ; instruction_buffer_vhd_tst ;
; EDA_TEST_BENCH_MODULE_NAME           ; data_vhd_tst                               ; --            ; --          ; data_vhd_tst               ;
; EDA_TEST_BENCH_MODULE_NAME           ; hamming_decoder_vhd_tst                    ; --            ; --          ; hamming_decoder_vhd_tst    ;
; EDA_TEST_BENCH_MODULE_NAME           ; buttonToChar_vhd_tst                       ; --            ; --          ; buttonToChar_vhd_tst       ;
; EDA_TEST_BENCH_MODULE_NAME           ; uart_receiver_vhd_tst                      ; --            ; --          ; uart_receiver_vhd_tst      ;
; EDA_TEST_BENCH_MODULE_NAME           ; instruction_buffer_vhd_tst                 ; --            ; --          ; instruction_buffer_vhd_tst ;
; EDA_TEST_BENCH_NAME                  ; hamming_decoder_vhd_tst                    ; --            ; --          ; eda_simulation             ;
; EDA_TEST_BENCH_NAME                  ; buttonToChar_vhd_tst                       ; --            ; --          ; eda_simulation             ;
; EDA_TEST_BENCH_NAME                  ; instruction_buffer_vhd_tst                 ; --            ; --          ; eda_simulation             ;
; EDA_TEST_BENCH_NAME                  ; uart_receiver_vhd_tst                      ; --            ; --          ; eda_simulation             ;
; EDA_TEST_BENCH_NAME                  ; data_vhd_tst                               ; --            ; --          ; eda_simulation             ;
; EDA_TEST_BENCH_RUN_SIM_FOR           ; 200 us                                     ; --            ; --          ; buttonToChar_vhd_tst       ;
; EDA_TEST_BENCH_RUN_SIM_FOR           ; 20000 ns                                   ; --            ; --          ; instruction_buffer_vhd_tst ;
; EDA_TIME_SCALE                       ; 1 ps                                       ; --            ; --          ; eda_simulation             ;
; MAX_CORE_JUNCTION_TEMP               ; 85                                         ; --            ; --          ; --                         ;
; MIN_CORE_JUNCTION_TEMP               ; 0                                          ; --            ; --          ; --                         ;
; NOMINAL_CORE_SUPPLY_VOLTAGE          ; 1.2V                                       ; --            ; --          ; --                         ;
; PARTITION_COLOR                      ; -- (Not supported for targeted family)     ; --            ; data        ; Top                        ;
; PARTITION_FITTER_PRESERVATION_LEVEL  ; -- (Not supported for targeted family)     ; --            ; data        ; Top                        ;
; PARTITION_NETLIST_TYPE               ; -- (Not supported for targeted family)     ; --            ; data        ; Top                        ;
; POWER_BOARD_THERMAL_MODEL            ; None (CONSERVATIVE)                        ; --            ; --          ; --                         ;
; POWER_PRESET_COOLING_SOLUTION        ; 23 MM HEAT SINK WITH 200 LFPM AIRFLOW      ; --            ; --          ; --                         ;
; PROJECT_OUTPUT_DIRECTORY             ; output_files                               ; --            ; --          ; --                         ;
; TOP_LEVEL_ENTITY                     ; data                                       ; Final         ; --          ; --                         ;
+--------------------------------------+--------------------------------------------+---------------+-------------+----------------------------+


+-------------------------------------------------------------------------------------------------------------------------------+
; Flow Elapsed Time                                                                                                             ;
+---------------------------+--------------+-------------------------+---------------------+------------------------------------+
; Module Name               ; Elapsed Time ; Average Processors Used ; Peak Virtual Memory ; Total CPU Time (on all processors) ;
+---------------------------+--------------+-------------------------+---------------------+------------------------------------+
; Analysis & Synthesis      ; 00:00:25     ; 1.0                     ; 959 MB              ; 00:00:55                           ;
; Fitter                    ; 00:00:11     ; 1.0                     ; 1168 MB             ; 00:00:13                           ;
; Assembler                 ; 00:00:02     ; 1.0                     ; 814 MB              ; 00:00:02                           ;
; TimeQuest Timing Analyzer ; 00:00:03     ; 1.0                     ; 833 MB              ; 00:00:03                           ;
; EDA Netlist Writer        ; 00:00:01     ; 1.0                     ; 1054 MB             ; 00:00:01                           ;
; Total                     ; 00:00:42     ; --                      ; --                  ; 00:01:14                           ;
+---------------------------+--------------+-------------------------+---------------------+------------------------------------+


+---------------------------------------------------------------------------------------------+
; Flow OS Summary                                                                             ;
+---------------------------+------------------+----------------+------------+----------------+
; Module Name               ; Machine Hostname ; OS Name        ; OS Version ; Processor type ;
+---------------------------+------------------+----------------+------------+----------------+
; Analysis & Synthesis      ; tux              ; Ubuntu 16.04.2 ; 16         ; x86_64         ;
; Fitter                    ; tux              ; Ubuntu 16.04.2 ; 16         ; x86_64         ;
; Assembler                 ; tux              ; Ubuntu 16.04.2 ; 16         ; x86_64         ;
; TimeQuest Timing Analyzer ; tux              ; Ubuntu 16.04.2 ; 16         ; x86_64         ;
; EDA Netlist Writer        ; tux              ; Ubuntu 16.04.2 ; 16         ; x86_64         ;
+---------------------------+------------------+----------------+------------+----------------+


------------
; Flow Log ;
------------
quartus_map --read_settings_files=on --write_settings_files=off Final -c Final
quartus_fit --read_settings_files=off --write_settings_files=off Final -c Final
quartus_asm --read_settings_files=off --write_settings_files=off Final -c Final
quartus_sta Final -c Final
quartus_eda --read_settings_files=off --write_settings_files=off Final -c Final



